<?xml version="1.0" encoding="UTF-8"?>
<testsuite xmlns:xsi="http://www.w3.org/2001/XMLSchema-instance" xsi:noNamespaceSchemaLocation="https://maven.apache.org/surefire/maven-surefire-plugin/xsd/surefire-test-report-3.0.xsd" version="3.0" name="com.eBanking.runners.TestRunner" time="21.83" tests="1" errors="0" skipped="0" failures="1">
  <properties>
    <property name="java.specification.version" value="21"/>
    <property name="webdriver.chrome.driver" value="C:\Users\ADMIN\.cache\selenium\chromedriver\win64\138.0.7204.183\chromedriver.exe"/>
    <property name="sun.cpu.isalist" value="amd64"/>
    <property name="sun.jnu.encoding" value="Cp1252"/>
    <property name="java.class.path" value="D:\eBanking\Automation\Auto_03052025\ebanking-automation\target\test-classes;D:\eBanking\Automation\Auto_03052025\ebanking-automation\target\classes;C:\Users\ADMIN\.m2\repository\org\seleniumhq\selenium\selenium-java\4.21.0\selenium-java-4.21.0.jar;C:\Users\ADMIN\.m2\repository\org\seleniumhq\selenium\selenium-api\4.21.0\selenium-api-4.21.0.jar;C:\Users\ADMIN\.m2\repository\org\seleniumhq\selenium\selenium-chrome-driver\4.21.0\selenium-chrome-driver-4.21.0.jar;C:\Users\ADMIN\.m2\repository\com\google\auto\service\auto-service-annotations\1.1.1\auto-service-annotations-1.1.1.jar;C:\Users\ADMIN\.m2\repository\org\seleniumhq\selenium\selenium-chromium-driver\4.21.0\selenium-chromium-driver-4.21.0.jar;C:\Users\ADMIN\.m2\repository\org\seleniumhq\selenium\selenium-json\4.21.0\selenium-json-4.21.0.jar;C:\Users\ADMIN\.m2\repository\org\seleniumhq\selenium\selenium-manager\4.21.0\selenium-manager-4.21.0.jar;C:\Users\ADMIN\.m2\repository\org\seleniumhq\selenium\selenium-devtools-v123\4.21.0\selenium-devtools-v123-4.21.0.jar;C:\Users\ADMIN\.m2\repository\org\seleniumhq\selenium\selenium-devtools-v124\4.21.0\selenium-devtools-v124-4.21.0.jar;C:\Users\ADMIN\.m2\repository\org\seleniumhq\selenium\selenium-devtools-v125\4.21.0\selenium-devtools-v125-4.21.0.jar;C:\Users\ADMIN\.m2\repository\org\seleniumhq\selenium\selenium-devtools-v85\4.21.0\selenium-devtools-v85-4.21.0.jar;C:\Users\ADMIN\.m2\repository\org\seleniumhq\selenium\selenium-edge-driver\4.21.0\selenium-edge-driver-4.21.0.jar;C:\Users\ADMIN\.m2\repository\org\seleniumhq\selenium\selenium-firefox-driver\4.21.0\selenium-firefox-driver-4.21.0.jar;C:\Users\ADMIN\.m2\repository\org\seleniumhq\selenium\selenium-http\4.21.0\selenium-http-4.21.0.jar;C:\Users\ADMIN\.m2\repository\dev\failsafe\failsafe\3.3.2\failsafe-3.3.2.jar;C:\Users\ADMIN\.m2\repository\org\seleniumhq\selenium\selenium-ie-driver\4.21.0\selenium-ie-driver-4.21.0.jar;C:\Users\ADMIN\.m2\repository\org\seleniumhq\selenium\selenium-remote-driver\4.21.0\selenium-remote-driver-4.21.0.jar;C:\Users\ADMIN\.m2\repository\com\google\guava\guava\33.2.0-jre\guava-33.2.0-jre.jar;C:\Users\ADMIN\.m2\repository\com\google\guava\failureaccess\1.0.2\failureaccess-1.0.2.jar;C:\Users\ADMIN\.m2\repository\com\google\guava\listenablefuture\9999.0-empty-to-avoid-conflict-with-guava\listenablefuture-9999.0-empty-to-avoid-conflict-with-guava.jar;C:\Users\ADMIN\.m2\repository\com\google\code\findbugs\jsr305\3.0.2\jsr305-3.0.2.jar;C:\Users\ADMIN\.m2\repository\org\checkerframework\checker-qual\3.42.0\checker-qual-3.42.0.jar;C:\Users\ADMIN\.m2\repository\com\google\j2objc\j2objc-annotations\3.0.0\j2objc-annotations-3.0.0.jar;C:\Users\ADMIN\.m2\repository\io\opentelemetry\semconv\opentelemetry-semconv\1.25.0-alpha\opentelemetry-semconv-1.25.0-alpha.jar;C:\Users\ADMIN\.m2\repository\io\opentelemetry\opentelemetry-api\1.38.0\opentelemetry-api-1.38.0.jar;C:\Users\ADMIN\.m2\repository\io\opentelemetry\opentelemetry-context\1.38.0\opentelemetry-context-1.38.0.jar;C:\Users\ADMIN\.m2\repository\io\opentelemetry\opentelemetry-exporter-logging\1.38.0\opentelemetry-exporter-logging-1.38.0.jar;C:\Users\ADMIN\.m2\repository\io\opentelemetry\opentelemetry-sdk-common\1.38.0\opentelemetry-sdk-common-1.38.0.jar;C:\Users\ADMIN\.m2\repository\io\opentelemetry\opentelemetry-sdk-extension-autoconfigure-spi\1.38.0\opentelemetry-sdk-extension-autoconfigure-spi-1.38.0.jar;C:\Users\ADMIN\.m2\repository\io\opentelemetry\opentelemetry-sdk-extension-autoconfigure\1.38.0\opentelemetry-sdk-extension-autoconfigure-1.38.0.jar;C:\Users\ADMIN\.m2\repository\io\opentelemetry\opentelemetry-api-incubator\1.38.0-alpha\opentelemetry-api-incubator-1.38.0-alpha.jar;C:\Users\ADMIN\.m2\repository\io\opentelemetry\opentelemetry-sdk-trace\1.38.0\opentelemetry-sdk-trace-1.38.0.jar;C:\Users\ADMIN\.m2\repository\io\opentelemetry\opentelemetry-sdk\1.38.0\opentelemetry-sdk-1.38.0.jar;C:\Users\ADMIN\.m2\repository\io\opentelemetry\opentelemetry-sdk-metrics\1.38.0\opentelemetry-sdk-metrics-1.38.0.jar;C:\Users\ADMIN\.m2\repository\io\opentelemetry\opentelemetry-sdk-logs\1.38.0\opentelemetry-sdk-logs-1.38.0.jar;C:\Users\ADMIN\.m2\repository\org\seleniumhq\selenium\selenium-os\4.21.0\selenium-os-4.21.0.jar;C:\Users\ADMIN\.m2\repository\org\apache\commons\commons-exec\1.4.0\commons-exec-1.4.0.jar;C:\Users\ADMIN\.m2\repository\org\seleniumhq\selenium\selenium-safari-driver\4.21.0\selenium-safari-driver-4.21.0.jar;C:\Users\ADMIN\.m2\repository\org\seleniumhq\selenium\selenium-support\4.21.0\selenium-support-4.21.0.jar;C:\Users\ADMIN\.m2\repository\io\github\bonigarcia\webdrivermanager\6.1.0\webdrivermanager-6.1.0.jar;C:\Users\ADMIN\.m2\repository\com\google\code\gson\gson\2.13.0\gson-2.13.0.jar;C:\Users\ADMIN\.m2\repository\com\google\errorprone\error_prone_annotations\2.37.0\error_prone_annotations-2.37.0.jar;C:\Users\ADMIN\.m2\repository\com\github\docker-java\docker-java\3.5.0\docker-java-3.5.0.jar;C:\Users\ADMIN\.m2\repository\com\github\docker-java\docker-java-core\3.5.0\docker-java-core-3.5.0.jar;C:\Users\ADMIN\.m2\repository\com\github\docker-java\docker-java-api\3.5.0\docker-java-api-3.5.0.jar;C:\Users\ADMIN\.m2\repository\com\github\docker-java\docker-java-transport-httpclient5\3.5.0\docker-java-transport-httpclient5-3.5.0.jar;C:\Users\ADMIN\.m2\repository\com\github\docker-java\docker-java-transport\3.5.0\docker-java-transport-3.5.0.jar;C:\Users\ADMIN\.m2\repository\net\java\dev\jna\jna\5.17.0\jna-5.17.0.jar;C:\Users\ADMIN\.m2\repository\org\brotli\dec\0.1.2\dec-0.1.2.jar;C:\Users\ADMIN\.m2\repository\org\apache\commons\commons-lang3\3.17.0\commons-lang3-3.17.0.jar;C:\Users\ADMIN\.m2\repository\org\apache\commons\commons-compress\1.27.1\commons-compress-1.27.1.jar;C:\Users\ADMIN\.m2\repository\commons-codec\commons-codec\1.17.1\commons-codec-1.17.1.jar;C:\Users\ADMIN\.m2\repository\org\apache\httpcomponents\client5\httpclient5\5.4.3\httpclient5-5.4.3.jar;C:\Users\ADMIN\.m2\repository\org\apache\httpcomponents\core5\httpcore5\5.3.4\httpcore5-5.3.4.jar;C:\Users\ADMIN\.m2\repository\org\apache\httpcomponents\core5\httpcore5-h2\5.3.4\httpcore5-h2-5.3.4.jar;C:\Users\ADMIN\.m2\repository\net\java\dev\jna\jna-platform\5.13.0\jna-platform-5.13.0.jar;C:\Users\ADMIN\.m2\repository\io\cucumber\cucumber-java\7.23.0\cucumber-java-7.23.0.jar;C:\Users\ADMIN\.m2\repository\io\cucumber\cucumber-core\7.23.0\cucumber-core-7.23.0.jar;C:\Users\ADMIN\.m2\repository\io\cucumber\cucumber-gherkin\7.23.0\cucumber-gherkin-7.23.0.jar;C:\Users\ADMIN\.m2\repository\io\cucumber\cucumber-gherkin-messages\7.23.0\cucumber-gherkin-messages-7.23.0.jar;C:\Users\ADMIN\.m2\repository\io\cucumber\gherkin\32.1.1\gherkin-32.1.1.jar;C:\Users\ADMIN\.m2\repository\io\cucumber\messages\27.2.0\messages-27.2.0.jar;C:\Users\ADMIN\.m2\repository\io\cucumber\testng-xml-formatter\0.3.1\testng-xml-formatter-0.3.1.jar;C:\Users\ADMIN\.m2\repository\io\cucumber\query\13.2.0\query-13.2.0.jar;C:\Users\ADMIN\.m2\repository\io\cucumber\tag-expressions\6.1.2\tag-expressions-6.1.2.jar;C:\Users\ADMIN\.m2\repository\io\cucumber\cucumber-expressions\18.0.1\cucumber-expressions-18.0.1.jar;C:\Users\ADMIN\.m2\repository\io\cucumber\cucumber-plugin\7.23.0\cucumber-plugin-7.23.0.jar;C:\Users\ADMIN\.m2\repository\io\cucumber\docstring\7.23.0\docstring-7.23.0.jar;C:\Users\ADMIN\.m2\repository\io\cucumber\html-formatter\21.10.1\html-formatter-21.10.1.jar;C:\Users\ADMIN\.m2\repository\io\cucumber\junit-xml-formatter\0.7.1\junit-xml-formatter-0.7.1.jar;C:\Users\ADMIN\.m2\repository\io\cucumber\ci-environment\10.0.1\ci-environment-10.0.1.jar;C:\Users\ADMIN\.m2\repository\org\apiguardian\apiguardian-api\1.1.2\apiguardian-api-1.1.2.jar;C:\Users\ADMIN\.m2\repository\io\cucumber\cucumber-junit-platform-engine\7.23.0\cucumber-junit-platform-engine-7.23.0.jar;C:\Users\ADMIN\.m2\repository\org\junit\platform\junit-platform-engine\1.13.1\junit-platform-engine-1.13.1.jar;C:\Users\ADMIN\.m2\repository\org\opentest4j\opentest4j\1.3.0\opentest4j-1.3.0.jar;C:\Users\ADMIN\.m2\repository\org\junit\platform\junit-platform-commons\1.13.1\junit-platform-commons-1.13.1.jar;C:\Users\ADMIN\.m2\repository\io\cucumber\cucumber-picocontainer\7.23.0\cucumber-picocontainer-7.23.0.jar;C:\Users\ADMIN\.m2\repository\org\picocontainer\picocontainer\2.15.2\picocontainer-2.15.2.jar;C:\Users\ADMIN\.m2\repository\io\cucumber\datatable\7.23.0\datatable-7.23.0.jar;C:\Users\ADMIN\.m2\repository\org\junit\jupiter\junit-jupiter\5.13.1\junit-jupiter-5.13.1.jar;C:\Users\ADMIN\.m2\repository\org\junit\jupiter\junit-jupiter-api\5.13.1\junit-jupiter-api-5.13.1.jar;C:\Users\ADMIN\.m2\repository\org\junit\jupiter\junit-jupiter-params\5.13.1\junit-jupiter-params-5.13.1.jar;C:\Users\ADMIN\.m2\repository\org\junit\jupiter\junit-jupiter-engine\5.13.1\junit-jupiter-engine-5.13.1.jar;C:\Users\ADMIN\.m2\repository\org\junit\platform\junit-platform-suite\1.13.1\junit-platform-suite-1.13.1.jar;C:\Users\ADMIN\.m2\repository\org\junit\platform\junit-platform-suite-api\1.13.1\junit-platform-suite-api-1.13.1.jar;C:\Users\ADMIN\.m2\repository\org\junit\platform\junit-platform-suite-engine\1.13.1\junit-platform-suite-engine-1.13.1.jar;C:\Users\ADMIN\.m2\repository\org\junit\platform\junit-platform-suite-commons\1.13.1\junit-platform-suite-commons-1.13.1.jar;C:\Users\ADMIN\.m2\repository\org\aspectj\aspectjweaver\1.9.22\aspectjweaver-1.9.22.jar;C:\Users\ADMIN\.m2\repository\org\slf4j\slf4j-api\2.0.13\slf4j-api-2.0.13.jar;C:\Users\ADMIN\.m2\repository\org\apache\logging\log4j\log4j-core\2.23.1\log4j-core-2.23.1.jar;C:\Users\ADMIN\.m2\repository\org\apache\logging\log4j\log4j-api\2.23.1\log4j-api-2.23.1.jar;C:\Users\ADMIN\.m2\repository\org\apache\logging\log4j\log4j-slf4j2-impl\2.23.1\log4j-slf4j2-impl-2.23.1.jar;C:\Users\ADMIN\.m2\repository\net\masterthought\cucumber-reporting\5.8.4\cucumber-reporting-5.8.4.jar;C:\Users\ADMIN\.m2\repository\com\fasterxml\jackson\core\jackson-databind\2.18.1\jackson-databind-2.18.1.jar;C:\Users\ADMIN\.m2\repository\com\fasterxml\jackson\core\jackson-annotations\2.18.1\jackson-annotations-2.18.1.jar;C:\Users\ADMIN\.m2\repository\com\fasterxml\jackson\core\jackson-core\2.18.1\jackson-core-2.18.1.jar;C:\Users\ADMIN\.m2\repository\com\fasterxml\jackson\datatype\jackson-datatype-jsr310\2.18.1\jackson-datatype-jsr310-2.18.1.jar;C:\Users\ADMIN\.m2\repository\org\apache\velocity\velocity-engine-core\2.4.1\velocity-engine-core-2.4.1.jar;C:\Users\ADMIN\.m2\repository\joda-time\joda-time\2.13.0\joda-time-2.13.0.jar;C:\Users\ADMIN\.m2\repository\org\apache\commons\commons-configuration2\2.11.0\commons-configuration2-2.11.0.jar;C:\Users\ADMIN\.m2\repository\commons-io\commons-io\2.17.0\commons-io-2.17.0.jar;C:\Users\ADMIN\.m2\repository\org\apache\commons\commons-text\1.12.0\commons-text-1.12.0.jar;C:\Users\ADMIN\.m2\repository\org\jsoup\jsoup\1.18.1\jsoup-1.18.1.jar;C:\Users\ADMIN\.m2\repository\com\googlecode\owasp-java-html-sanitizer\owasp-java-html-sanitizer\20240325.1\owasp-java-html-sanitizer-20240325.1.jar;C:\Users\ADMIN\.m2\repository\com\googlecode\owasp-java-html-sanitizer\java8-shim\20240325.1\java8-shim-20240325.1.jar;C:\Users\ADMIN\.m2\repository\com\googlecode\owasp-java-html-sanitizer\java10-shim\20240325.1\java10-shim-20240325.1.jar;C:\Users\ADMIN\.m2\repository\org\slf4j\jcl-over-slf4j\2.0.16\jcl-over-slf4j-2.0.16.jar;C:\Users\ADMIN\.m2\repository\org\assertj\assertj-core\3.27.3\assertj-core-3.27.3.jar;C:\Users\ADMIN\.m2\repository\net\bytebuddy\byte-buddy\1.15.11\byte-buddy-1.15.11.jar;C:\Users\ADMIN\.m2\repository\io\qameta\allure\allure-cucumber7-jvm\2.29.1\allure-cucumber7-jvm-2.29.1.jar;C:\Users\ADMIN\.m2\repository\io\qameta\allure\allure-java-commons\2.29.1\allure-java-commons-2.29.1.jar;C:\Users\ADMIN\.m2\repository\io\qameta\allure\allure-model\2.29.1\allure-model-2.29.1.jar;C:\Users\ADMIN\.m2\repository\io\qameta\allure\allure-junit5\2.29.1\allure-junit5-2.29.1.jar;C:\Users\ADMIN\.m2\repository\io\qameta\allure\allure-junit-platform\2.29.1\allure-junit-platform-2.29.1.jar;C:\Users\ADMIN\.m2\repository\org\junit\platform\junit-platform-launcher\1.13.1\junit-platform-launcher-1.13.1.jar;C:\Users\ADMIN\.m2\repository\io\qameta\allure\allure-test-filter\2.29.1\allure-test-filter-2.29.1.jar;C:\Users\ADMIN\.m2\repository\io\qameta\allure\allure-selenide\2.29.1\allure-selenide-2.29.1.jar;C:\Users\ADMIN\.m2\repository\io\qameta\allure\allure-attachments\2.29.1\allure-attachments-2.29.1.jar;C:\Users\ADMIN\.m2\repository\org\freemarker\freemarker\2.3.33\freemarker-2.3.33.jar;C:\Users\ADMIN\.m2\repository\org\projectlombok\lombok\1.18.30\lombok-1.18.30.jar;C:\Users\ADMIN\.m2\repository\com\mysql\mysql-connector-j\8.0.33\mysql-connector-j-8.0.33.jar;C:\Users\ADMIN\.m2\repository\com\google\protobuf\protobuf-java\3.21.9\protobuf-java-3.21.9.jar;"/>
    <property name="java.vm.vendor" value="Oracle Corporation"/>
    <property name="sun.arch.data.model" value="64"/>
    <property name="user.variant" value=""/>
    <property name="java.vendor.url" value="https://java.oracle.com/"/>
    <property name="user.timezone" value="Asia/Calcutta"/>
    <property name="os.name" value="Windows 11"/>
    <property name="java.vm.specification.version" value="21"/>
    <property name="sun.java.launcher" value="SUN_STANDARD"/>
    <property name="user.country" value="US"/>
    <property name="sun.boot.library.path" value="D:\Softwares\jdk-21_windows-x64_bin\jdk-21.0.2\bin"/>
    <property name="sun.java.command" value="C:\Users\ADMIN\AppData\Local\Temp\surefire13117740153495814687\surefirebooter-20250809204948240_3.jar C:\Users\ADMIN\AppData\Local\Temp\surefire13117740153495814687 2025-08-09T20-49-48_065-jvmRun1 surefire-20250809204948240_1tmp surefire_0-20250809204948240_2tmp"/>
    <property name="jdk.debug" value="release"/>
    <property name="surefire.test.class.path" value="D:\eBanking\Automation\Auto_03052025\ebanking-automation\target\test-classes;D:\eBanking\Automation\Auto_03052025\ebanking-automation\target\classes;C:\Users\ADMIN\.m2\repository\org\seleniumhq\selenium\selenium-java\4.21.0\selenium-java-4.21.0.jar;C:\Users\ADMIN\.m2\repository\org\seleniumhq\selenium\selenium-api\4.21.0\selenium-api-4.21.0.jar;C:\Users\ADMIN\.m2\repository\org\seleniumhq\selenium\selenium-chrome-driver\4.21.0\selenium-chrome-driver-4.21.0.jar;C:\Users\ADMIN\.m2\repository\com\google\auto\service\auto-service-annotations\1.1.1\auto-service-annotations-1.1.1.jar;C:\Users\ADMIN\.m2\repository\org\seleniumhq\selenium\selenium-chromium-driver\4.21.0\selenium-chromium-driver-4.21.0.jar;C:\Users\ADMIN\.m2\repository\org\seleniumhq\selenium\selenium-json\4.21.0\selenium-json-4.21.0.jar;C:\Users\ADMIN\.m2\repository\org\seleniumhq\selenium\selenium-manager\4.21.0\selenium-manager-4.21.0.jar;C:\Users\ADMIN\.m2\repository\org\seleniumhq\selenium\selenium-devtools-v123\4.21.0\selenium-devtools-v123-4.21.0.jar;C:\Users\ADMIN\.m2\repository\org\seleniumhq\selenium\selenium-devtools-v124\4.21.0\selenium-devtools-v124-4.21.0.jar;C:\Users\ADMIN\.m2\repository\org\seleniumhq\selenium\selenium-devtools-v125\4.21.0\selenium-devtools-v125-4.21.0.jar;C:\Users\ADMIN\.m2\repository\org\seleniumhq\selenium\selenium-devtools-v85\4.21.0\selenium-devtools-v85-4.21.0.jar;C:\Users\ADMIN\.m2\repository\org\seleniumhq\selenium\selenium-edge-driver\4.21.0\selenium-edge-driver-4.21.0.jar;C:\Users\ADMIN\.m2\repository\org\seleniumhq\selenium\selenium-firefox-driver\4.21.0\selenium-firefox-driver-4.21.0.jar;C:\Users\ADMIN\.m2\repository\org\seleniumhq\selenium\selenium-http\4.21.0\selenium-http-4.21.0.jar;C:\Users\ADMIN\.m2\repository\dev\failsafe\failsafe\3.3.2\failsafe-3.3.2.jar;C:\Users\ADMIN\.m2\repository\org\seleniumhq\selenium\selenium-ie-driver\4.21.0\selenium-ie-driver-4.21.0.jar;C:\Users\ADMIN\.m2\repository\org\seleniumhq\selenium\selenium-remote-driver\4.21.0\selenium-remote-driver-4.21.0.jar;C:\Users\ADMIN\.m2\repository\com\google\guava\guava\33.2.0-jre\guava-33.2.0-jre.jar;C:\Users\ADMIN\.m2\repository\com\google\guava\failureaccess\1.0.2\failureaccess-1.0.2.jar;C:\Users\ADMIN\.m2\repository\com\google\guava\listenablefuture\9999.0-empty-to-avoid-conflict-with-guava\listenablefuture-9999.0-empty-to-avoid-conflict-with-guava.jar;C:\Users\ADMIN\.m2\repository\com\google\code\findbugs\jsr305\3.0.2\jsr305-3.0.2.jar;C:\Users\ADMIN\.m2\repository\org\checkerframework\checker-qual\3.42.0\checker-qual-3.42.0.jar;C:\Users\ADMIN\.m2\repository\com\google\j2objc\j2objc-annotations\3.0.0\j2objc-annotations-3.0.0.jar;C:\Users\ADMIN\.m2\repository\io\opentelemetry\semconv\opentelemetry-semconv\1.25.0-alpha\opentelemetry-semconv-1.25.0-alpha.jar;C:\Users\ADMIN\.m2\repository\io\opentelemetry\opentelemetry-api\1.38.0\opentelemetry-api-1.38.0.jar;C:\Users\ADMIN\.m2\repository\io\opentelemetry\opentelemetry-context\1.38.0\opentelemetry-context-1.38.0.jar;C:\Users\ADMIN\.m2\repository\io\opentelemetry\opentelemetry-exporter-logging\1.38.0\opentelemetry-exporter-logging-1.38.0.jar;C:\Users\ADMIN\.m2\repository\io\opentelemetry\opentelemetry-sdk-common\1.38.0\opentelemetry-sdk-common-1.38.0.jar;C:\Users\ADMIN\.m2\repository\io\opentelemetry\opentelemetry-sdk-extension-autoconfigure-spi\1.38.0\opentelemetry-sdk-extension-autoconfigure-spi-1.38.0.jar;C:\Users\ADMIN\.m2\repository\io\opentelemetry\opentelemetry-sdk-extension-autoconfigure\1.38.0\opentelemetry-sdk-extension-autoconfigure-1.38.0.jar;C:\Users\ADMIN\.m2\repository\io\opentelemetry\opentelemetry-api-incubator\1.38.0-alpha\opentelemetry-api-incubator-1.38.0-alpha.jar;C:\Users\ADMIN\.m2\repository\io\opentelemetry\opentelemetry-sdk-trace\1.38.0\opentelemetry-sdk-trace-1.38.0.jar;C:\Users\ADMIN\.m2\repository\io\opentelemetry\opentelemetry-sdk\1.38.0\opentelemetry-sdk-1.38.0.jar;C:\Users\ADMIN\.m2\repository\io\opentelemetry\opentelemetry-sdk-metrics\1.38.0\opentelemetry-sdk-metrics-1.38.0.jar;C:\Users\ADMIN\.m2\repository\io\opentelemetry\opentelemetry-sdk-logs\1.38.0\opentelemetry-sdk-logs-1.38.0.jar;C:\Users\ADMIN\.m2\repository\org\seleniumhq\selenium\selenium-os\4.21.0\selenium-os-4.21.0.jar;C:\Users\ADMIN\.m2\repository\org\apache\commons\commons-exec\1.4.0\commons-exec-1.4.0.jar;C:\Users\ADMIN\.m2\repository\org\seleniumhq\selenium\selenium-safari-driver\4.21.0\selenium-safari-driver-4.21.0.jar;C:\Users\ADMIN\.m2\repository\org\seleniumhq\selenium\selenium-support\4.21.0\selenium-support-4.21.0.jar;C:\Users\ADMIN\.m2\repository\io\github\bonigarcia\webdrivermanager\6.1.0\webdrivermanager-6.1.0.jar;C:\Users\ADMIN\.m2\repository\com\google\code\gson\gson\2.13.0\gson-2.13.0.jar;C:\Users\ADMIN\.m2\repository\com\google\errorprone\error_prone_annotations\2.37.0\error_prone_annotations-2.37.0.jar;C:\Users\ADMIN\.m2\repository\com\github\docker-java\docker-java\3.5.0\docker-java-3.5.0.jar;C:\Users\ADMIN\.m2\repository\com\github\docker-java\docker-java-core\3.5.0\docker-java-core-3.5.0.jar;C:\Users\ADMIN\.m2\repository\com\github\docker-java\docker-java-api\3.5.0\docker-java-api-3.5.0.jar;C:\Users\ADMIN\.m2\repository\com\github\docker-java\docker-java-transport-httpclient5\3.5.0\docker-java-transport-httpclient5-3.5.0.jar;C:\Users\ADMIN\.m2\repository\com\github\docker-java\docker-java-transport\3.5.0\docker-java-transport-3.5.0.jar;C:\Users\ADMIN\.m2\repository\net\java\dev\jna\jna\5.17.0\jna-5.17.0.jar;C:\Users\ADMIN\.m2\repository\org\brotli\dec\0.1.2\dec-0.1.2.jar;C:\Users\ADMIN\.m2\repository\org\apache\commons\commons-lang3\3.17.0\commons-lang3-3.17.0.jar;C:\Users\ADMIN\.m2\repository\org\apache\commons\commons-compress\1.27.1\commons-compress-1.27.1.jar;C:\Users\ADMIN\.m2\repository\commons-codec\commons-codec\1.17.1\commons-codec-1.17.1.jar;C:\Users\ADMIN\.m2\repository\org\apache\httpcomponents\client5\httpclient5\5.4.3\httpclient5-5.4.3.jar;C:\Users\ADMIN\.m2\repository\org\apache\httpcomponents\core5\httpcore5\5.3.4\httpcore5-5.3.4.jar;C:\Users\ADMIN\.m2\repository\org\apache\httpcomponents\core5\httpcore5-h2\5.3.4\httpcore5-h2-5.3.4.jar;C:\Users\ADMIN\.m2\repository\net\java\dev\jna\jna-platform\5.13.0\jna-platform-5.13.0.jar;C:\Users\ADMIN\.m2\repository\io\cucumber\cucumber-java\7.23.0\cucumber-java-7.23.0.jar;C:\Users\ADMIN\.m2\repository\io\cucumber\cucumber-core\7.23.0\cucumber-core-7.23.0.jar;C:\Users\ADMIN\.m2\repository\io\cucumber\cucumber-gherkin\7.23.0\cucumber-gherkin-7.23.0.jar;C:\Users\ADMIN\.m2\repository\io\cucumber\cucumber-gherkin-messages\7.23.0\cucumber-gherkin-messages-7.23.0.jar;C:\Users\ADMIN\.m2\repository\io\cucumber\gherkin\32.1.1\gherkin-32.1.1.jar;C:\Users\ADMIN\.m2\repository\io\cucumber\messages\27.2.0\messages-27.2.0.jar;C:\Users\ADMIN\.m2\repository\io\cucumber\testng-xml-formatter\0.3.1\testng-xml-formatter-0.3.1.jar;C:\Users\ADMIN\.m2\repository\io\cucumber\query\13.2.0\query-13.2.0.jar;C:\Users\ADMIN\.m2\repository\io\cucumber\tag-expressions\6.1.2\tag-expressions-6.1.2.jar;C:\Users\ADMIN\.m2\repository\io\cucumber\cucumber-expressions\18.0.1\cucumber-expressions-18.0.1.jar;C:\Users\ADMIN\.m2\repository\io\cucumber\cucumber-plugin\7.23.0\cucumber-plugin-7.23.0.jar;C:\Users\ADMIN\.m2\repository\io\cucumber\docstring\7.23.0\docstring-7.23.0.jar;C:\Users\ADMIN\.m2\repository\io\cucumber\html-formatter\21.10.1\html-formatter-21.10.1.jar;C:\Users\ADMIN\.m2\repository\io\cucumber\junit-xml-formatter\0.7.1\junit-xml-formatter-0.7.1.jar;C:\Users\ADMIN\.m2\repository\io\cucumber\ci-environment\10.0.1\ci-environment-10.0.1.jar;C:\Users\ADMIN\.m2\repository\org\apiguardian\apiguardian-api\1.1.2\apiguardian-api-1.1.2.jar;C:\Users\ADMIN\.m2\repository\io\cucumber\cucumber-junit-platform-engine\7.23.0\cucumber-junit-platform-engine-7.23.0.jar;C:\Users\ADMIN\.m2\repository\org\junit\platform\junit-platform-engine\1.13.1\junit-platform-engine-1.13.1.jar;C:\Users\ADMIN\.m2\repository\org\opentest4j\opentest4j\1.3.0\opentest4j-1.3.0.jar;C:\Users\ADMIN\.m2\repository\org\junit\platform\junit-platform-commons\1.13.1\junit-platform-commons-1.13.1.jar;C:\Users\ADMIN\.m2\repository\io\cucumber\cucumber-picocontainer\7.23.0\cucumber-picocontainer-7.23.0.jar;C:\Users\ADMIN\.m2\repository\org\picocontainer\picocontainer\2.15.2\picocontainer-2.15.2.jar;C:\Users\ADMIN\.m2\repository\io\cucumber\datatable\7.23.0\datatable-7.23.0.jar;C:\Users\ADMIN\.m2\repository\org\junit\jupiter\junit-jupiter\5.13.1\junit-jupiter-5.13.1.jar;C:\Users\ADMIN\.m2\repository\org\junit\jupiter\junit-jupiter-api\5.13.1\junit-jupiter-api-5.13.1.jar;C:\Users\ADMIN\.m2\repository\org\junit\jupiter\junit-jupiter-params\5.13.1\junit-jupiter-params-5.13.1.jar;C:\Users\ADMIN\.m2\repository\org\junit\jupiter\junit-jupiter-engine\5.13.1\junit-jupiter-engine-5.13.1.jar;C:\Users\ADMIN\.m2\repository\org\junit\platform\junit-platform-suite\1.13.1\junit-platform-suite-1.13.1.jar;C:\Users\ADMIN\.m2\repository\org\junit\platform\junit-platform-suite-api\1.13.1\junit-platform-suite-api-1.13.1.jar;C:\Users\ADMIN\.m2\repository\org\junit\platform\junit-platform-suite-engine\1.13.1\junit-platform-suite-engine-1.13.1.jar;C:\Users\ADMIN\.m2\repository\org\junit\platform\junit-platform-suite-commons\1.13.1\junit-platform-suite-commons-1.13.1.jar;C:\Users\ADMIN\.m2\repository\org\aspectj\aspectjweaver\1.9.22\aspectjweaver-1.9.22.jar;C:\Users\ADMIN\.m2\repository\org\slf4j\slf4j-api\2.0.13\slf4j-api-2.0.13.jar;C:\Users\ADMIN\.m2\repository\org\apache\logging\log4j\log4j-core\2.23.1\log4j-core-2.23.1.jar;C:\Users\ADMIN\.m2\repository\org\apache\logging\log4j\log4j-api\2.23.1\log4j-api-2.23.1.jar;C:\Users\ADMIN\.m2\repository\org\apache\logging\log4j\log4j-slf4j2-impl\2.23.1\log4j-slf4j2-impl-2.23.1.jar;C:\Users\ADMIN\.m2\repository\net\masterthought\cucumber-reporting\5.8.4\cucumber-reporting-5.8.4.jar;C:\Users\ADMIN\.m2\repository\com\fasterxml\jackson\core\jackson-databind\2.18.1\jackson-databind-2.18.1.jar;C:\Users\ADMIN\.m2\repository\com\fasterxml\jackson\core\jackson-annotations\2.18.1\jackson-annotations-2.18.1.jar;C:\Users\ADMIN\.m2\repository\com\fasterxml\jackson\core\jackson-core\2.18.1\jackson-core-2.18.1.jar;C:\Users\ADMIN\.m2\repository\com\fasterxml\jackson\datatype\jackson-datatype-jsr310\2.18.1\jackson-datatype-jsr310-2.18.1.jar;C:\Users\ADMIN\.m2\repository\org\apache\velocity\velocity-engine-core\2.4.1\velocity-engine-core-2.4.1.jar;C:\Users\ADMIN\.m2\repository\joda-time\joda-time\2.13.0\joda-time-2.13.0.jar;C:\Users\ADMIN\.m2\repository\org\apache\commons\commons-configuration2\2.11.0\commons-configuration2-2.11.0.jar;C:\Users\ADMIN\.m2\repository\commons-io\commons-io\2.17.0\commons-io-2.17.0.jar;C:\Users\ADMIN\.m2\repository\org\apache\commons\commons-text\1.12.0\commons-text-1.12.0.jar;C:\Users\ADMIN\.m2\repository\org\jsoup\jsoup\1.18.1\jsoup-1.18.1.jar;C:\Users\ADMIN\.m2\repository\com\googlecode\owasp-java-html-sanitizer\owasp-java-html-sanitizer\20240325.1\owasp-java-html-sanitizer-20240325.1.jar;C:\Users\ADMIN\.m2\repository\com\googlecode\owasp-java-html-sanitizer\java8-shim\20240325.1\java8-shim-20240325.1.jar;C:\Users\ADMIN\.m2\repository\com\googlecode\owasp-java-html-sanitizer\java10-shim\20240325.1\java10-shim-20240325.1.jar;C:\Users\ADMIN\.m2\repository\org\slf4j\jcl-over-slf4j\2.0.16\jcl-over-slf4j-2.0.16.jar;C:\Users\ADMIN\.m2\repository\org\assertj\assertj-core\3.27.3\assertj-core-3.27.3.jar;C:\Users\ADMIN\.m2\repository\net\bytebuddy\byte-buddy\1.15.11\byte-buddy-1.15.11.jar;C:\Users\ADMIN\.m2\repository\io\qameta\allure\allure-cucumber7-jvm\2.29.1\allure-cucumber7-jvm-2.29.1.jar;C:\Users\ADMIN\.m2\repository\io\qameta\allure\allure-java-commons\2.29.1\allure-java-commons-2.29.1.jar;C:\Users\ADMIN\.m2\repository\io\qameta\allure\allure-model\2.29.1\allure-model-2.29.1.jar;C:\Users\ADMIN\.m2\repository\io\qameta\allure\allure-junit5\2.29.1\allure-junit5-2.29.1.jar;C:\Users\ADMIN\.m2\repository\io\qameta\allure\allure-junit-platform\2.29.1\allure-junit-platform-2.29.1.jar;C:\Users\ADMIN\.m2\repository\org\junit\platform\junit-platform-launcher\1.13.1\junit-platform-launcher-1.13.1.jar;C:\Users\ADMIN\.m2\repository\io\qameta\allure\allure-test-filter\2.29.1\allure-test-filter-2.29.1.jar;C:\Users\ADMIN\.m2\repository\io\qameta\allure\allure-selenide\2.29.1\allure-selenide-2.29.1.jar;C:\Users\ADMIN\.m2\repository\io\qameta\allure\allure-attachments\2.29.1\allure-attachments-2.29.1.jar;C:\Users\ADMIN\.m2\repository\org\freemarker\freemarker\2.3.33\freemarker-2.3.33.jar;C:\Users\ADMIN\.m2\repository\org\projectlombok\lombok\1.18.30\lombok-1.18.30.jar;C:\Users\ADMIN\.m2\repository\com\mysql\mysql-connector-j\8.0.33\mysql-connector-j-8.0.33.jar;C:\Users\ADMIN\.m2\repository\com\google\protobuf\protobuf-java\3.21.9\protobuf-java-3.21.9.jar;"/>
    <property name="sun.cpu.endian" value="little"/>
    <property name="user.home" value="C:\Users\ADMIN"/>
    <property name="user.language" value="en"/>
    <property name="java.specification.vendor" value="Oracle Corporation"/>
    <property name="java.version.date" value="2024-01-16"/>
    <property name="java.home" value="D:\Softwares\jdk-21_windows-x64_bin\jdk-21.0.2"/>
    <property name="file.separator" value="\"/>
    <property name="basedir" value="D:\eBanking\Automation\Auto_03052025\ebanking-automation"/>
    <property name="java.vm.compressedOopsMode" value="Zero based"/>
    <property name="line.separator" value="&#10;"/>
    <property name="java.vm.specification.vendor" value="Oracle Corporation"/>
    <property name="java.specification.name" value="Java Platform API Specification"/>
    <property name="surefire.real.class.path" value="C:\Users\ADMIN\AppData\Local\Temp\surefire13117740153495814687\surefirebooter-20250809204948240_3.jar"/>
    <property name="user.script" value=""/>
    <property name="sun.management.compiler" value="HotSpot 64-Bit Tiered Compilers"/>
    <property name="java.runtime.version" value="21.0.2+13-LTS-58"/>
    <property name="user.name" value="ADMIN"/>
    <property name="stdout.encoding" value="Cp1252"/>
    <property name="path.separator" value=";"/>
    <property name="os.version" value="10.0"/>
    <property name="java.runtime.name" value="Java(TM) SE Runtime Environment"/>
    <property name="file.encoding" value="UTF-8"/>
    <property name="java.vm.name" value="Java HotSpot(TM) 64-Bit Server VM"/>
    <property name="localRepository" value="C:\Users\ADMIN\.m2\repository"/>
    <property name="java.vendor.url.bug" value="https://bugreport.java.com/bugreport/"/>
    <property name="java.io.tmpdir" value="C:\Users\ADMIN\AppData\Local\Temp\"/>
    <property name="java.version" value="21.0.2"/>
    <property name="user.dir" value="D:\eBanking\Automation\Auto_03052025\ebanking-automation"/>
    <property name="os.arch" value="amd64"/>
    <property name="java.vm.specification.name" value="Java Virtual Machine Specification"/>
    <property name="sun.os.patch.level" value=""/>
    <property name="native.encoding" value="Cp1252"/>
    <property name="java.library.path" value="D:\Softwares\jdk-21_windows-x64_bin\jdk-21.0.2\bin;C:\WINDOWS\Sun\Java\bin;C:\WINDOWS\system32;C:\WINDOWS;C:\Program Files\Common Files\Oracle\Java\javapath;C:\WINDOWS\system32;C:\WINDOWS;C:\WINDOWS\System32\Wbem;C:\WINDOWS\System32\WindowsPowerShell\v1.0\;C:\WINDOWS\System32\OpenSSH\;C:\Program Files\Intel\WiFi\bin\;C:\Program Files\Common Files\Intel\WirelessCommon\;D:\Softwares\jdk-21_windows-x64_bin\jdk-21.0.2\bin;C:\Program Files\Git\cmd;C:\Program Files\Git\bin;C:\Program Files\nodejs\;C:\Program Files\apache-maven-3.9.9\bin;C:\Program Files\MySQL\MySQL Server 8.0\bin;C:\allure-2.34.0\bin;C:\Program Files\PowerShell\7\;C:\Users\ADMIN\AppData\Local\Programs\Python\Launcher\;C:\Users\ADMIN\AppData\Local\Microsoft\WindowsApps;C:\Users\ADMIN\AppData\Local\Programs\Microsoft VS Code\bin;C:\Users\ADMIN\AppData\Roaming\npm;;."/>
    <property name="java.vm.info" value="mixed mode, sharing"/>
    <property name="stderr.encoding" value="Cp1252"/>
    <property name="java.vendor" value="Oracle Corporation"/>
    <property name="java.vm.version" value="21.0.2+13-LTS-58"/>
    <property name="sun.io.unicode.encoding" value="UnicodeLittle"/>
    <property name="java.class.version" value="65.0"/>
  </properties>
  <testcase name="Send New account opening request to Admin" classname="User Account" time="20.419">
    <failure message="expected: &lt;e-Banking | User Dashboard&gt; but was: &lt;e-Banking | User Login&gt;" type="org.opentest4j.AssertionFailedError"><![CDATA[org.opentest4j.AssertionFailedError: expected: <e-Banking | User Dashboard> but was: <e-Banking | User Login>
	at com.eBanking.stepDefinitions.UserLoginSteps.iShouldSuccessfullyLoggedInToTheApplication(UserLoginSteps.java:80)
	at ✽.I should successfully logged in to the application(classpath:features/UserAccount.feature:20)
]]></failure>
    <system-out><![CDATA[
@UserAccount @happy-path
Scenario: Send New account opening request to Admin                   &amp#27;[90m# features/UserAccount.feature:16&amp#27;[0m
Info - Using chromedriver 138.0.7204.183 (resolved driver for Chrome 138)
Info - Downloading https://storage.googleapis.com/chrome-for-testing-public/138.0.7204.183/win64/chromedriver-win64.zip
Info - Extracting driver from compressed file chromedriver-win64.zip
Info - Exporting webdriver.chrome.driver as C:\Users\ADMIN\.cache\selenium\chromedriver\win64\138.0.7204.183\chromedriver.exe
Info - I am on Homepage now
  &amp#27;[32mGiven &amp#27;[0m&amp#27;[32mI am on home page&amp#27;[0m                                             &amp#27;[90m# com.eBanking.stepDefinitions.UserLoginSteps.i_am_on_home_page()&amp#27;[0m
Info - Could not process empty pattern
Info - Overlay present
Info - Scrolled to the element: By.xpath: (//a[contains(.,'Account Holder')])[2]
Info - Element By.xpath: (//a[contains(.,'Account Holder')])[2] is clickable
Info - Clicked on the element : By.xpath: (//a[contains(.,'Account Holder')])[2]
Info - Landed on {} login pageUSER
  &amp#27;[32mAnd &amp#27;[0m&amp#27;[32mI navigate to user login page as a &amp#27;[0m&amp#27;[32m&amp#27;[1mUser&amp#27;[0m                         &amp#27;[90m# com.eBanking.stepDefinitions.UserLoginSteps.iGoToUserLoginPage(java.lang.String)&amp#27;[0m
Info - Could not process empty pattern
Info - Overlay present
Info - Scrolled to the element: By.xpath: //a[text()='Create an Account!']
Info - Element By.xpath: //a[text()='Create an Account!'] is clickable
Info - Clicked on the element : By.xpath: //a[text()='Create an Account!']
Info - Landed on Registration page
  &amp#27;[32mAnd &amp#27;[0m&amp#27;[32mI go to registration page&amp#27;[0m                                       &amp#27;[90m# com.eBanking.stepDefinitions.UserLoginSteps.iGoToRegistrationPage()&amp#27;[0m
Info - Could not process empty pattern
Info - Overlay present
Info - Scrolled to the element: By.xpath: //input[@name='fname']
Info - Element By.xpath: //input[@name='fname'] is clickable
Info - Clicked on the element : By.xpath: //input[@name='fname']
Info - Scrolled to the element: By.xpath: //input[@name='fname']
Info - Entered text 'user_dd7534' into element: By.xpath: //input[@name='fname']
Info - Scrolled to the element: By.xpath: //input[@name='lname']
Info - Entered text 'yajjuvarapu' into element: By.xpath: //input[@name='lname']
Info - Scrolled to the element: By.xpath: //input[@name='email']
Info - Entered text 'user_bf55c0@gmail.com' into element: By.xpath: //input[@name='email']
Info - Scrolled to the element: By.xpath: //input[@name='mobno']
Info - Entered text '9000086190' into element: By.xpath: //input[@name='mobno']
Info - Scrolled to the element: By.xpath: //input[@name='password']
Info - Entered text 'user@123' into element: By.xpath: //input[@name='password']
Info - Could not process empty pattern
Info - Overlay present
Info - Scrolled to the element: By.xpath: //button[@name='submit']
Info - Element By.xpath: //button[@name='submit'] is clickable
Info - Clicked on the element : By.xpath: //button[@name='submit']
  &amp#27;[32mAnd &amp#27;[0m&amp#27;[32mI register user using below info:&amp#27;[0m                               &amp#27;[90m# com.eBanking.stepDefinitions.UserLoginSteps.iRegisterUserUsingBelowInfo(io.cucumber.datatable.DataTable)&amp#27;[0m
    | firstName    | user_${random}           |
    | lastName     | yajjuvarapu              |
    | emailAddress | user_${random}@gmail.com |
    | mobile       | 9000086190               |
    | password     | user@123                 |
Info - Alert text retrieved: You have successfully registered with us
Info - Accepting alert with text: You have successfully registered with us
Info - Alert accepted successfully.
  &amp#27;[32mAnd &amp#27;[0m&amp#27;[32mI should see registration form sumbitted successfully&amp#27;[0m           &amp#27;[90m# com.eBanking.stepDefinitions.UserLoginSteps.iShouldSeeRegistrationFormSubmittedSuccessfully()&amp#27;[0m
Info - Navigated to home page
  &amp#27;[32mAnd &amp#27;[0m&amp#27;[32mI navigate to Home page&amp#27;[0m                                         &amp#27;[90m# com.eBanking.stepDefinitions.UserDashboardPageSteps.iNavigateToHomePage()&amp#27;[0m
Info - Could not process empty pattern
Info - Overlay present
Info - Scrolled to the element: By.xpath: (//a[contains(.,'Account Holder')])[2]
Info - Element By.xpath: (//a[contains(.,'Account Holder')])[2] is clickable
Info - Clicked on the element : By.xpath: (//a[contains(.,'Account Holder')])[2]
Info - Landed on {} login pageUSER
  &amp#27;[32mWhen &amp#27;[0m&amp#27;[32mI navigate to user login page as a &amp#27;[0m&amp#27;[32m&amp#27;[1mUser&amp#27;[0m                        &amp#27;[90m# com.eBanking.stepDefinitions.UserLoginSteps.iGoToUserLoginPage(java.lang.String)&amp#27;[0m
Info - Scrolled to the element: By.xpath: //input[@id='email']
Info - Entered text 'user_bf55c0@gmail.com' into element: By.xpath: //input[@id='email']
Info - Scrolled to the element: By.xpath: //input[@id='password']
Info - Entered text 'user@123' into element: By.xpath: //input[@id='password']
Info - Could not process empty pattern
Info - Overlay present
Info - Scrolled to the element: By.xpath: //button[@type='submit']
Info - Element By.xpath: //button[@type='submit'] is clickable
Info - Clicked on the element : By.xpath: //button[@type='submit']
Info - User loggedin successfully
  &amp#27;[32mAnd &amp#27;[0m&amp#27;[32mI login with valid credentials&amp#27;[0m                                  &amp#27;[90m# com.eBanking.stepDefinitions.UserDashboardPageSteps.iLoginWithValidCredentials()&amp#27;[0m
  &amp#27;[31mThen &amp#27;[0m&amp#27;[31mI should successfully logged in to the application&amp#27;[0m             &amp#27;[90m# com.eBanking.stepDefinitions.UserLoginSteps.iShouldSuccessfullyLoggedInToTheApplication()&amp#27;[0m
      &amp#27;[31morg.opentest4j.AssertionFailedError: expected: <e-Banking | User Dashboard> but was: <e-Banking | User Login>
      	at org.junit.jupiter.api.AssertionFailureBuilder.build(AssertionFailureBuilder.java:151)
      	at org.junit.jupiter.api.AssertionFailureBuilder.buildAndThrow(AssertionFailureBuilder.java:132)
      	at org.junit.jupiter.api.AssertEquals.failNotEqual(AssertEquals.java:197)
      	at org.junit.jupiter.api.AssertEquals.assertEquals(AssertEquals.java:182)
      	at org.junit.jupiter.api.AssertEquals.assertEquals(AssertEquals.java:177)
      	at org.junit.jupiter.api.Assertions.assertEquals(Assertions.java:1145)
      	at com.eBanking.stepDefinitions.UserLoginSteps.iShouldSuccessfullyLoggedInToTheApplication(UserLoginSteps.java:80)
      	at ✽.I should successfully logged in to the application(classpath:features/UserAccount.feature:20)&amp#27;[0m
  &amp#27;[36mWhen &amp#27;[0m&amp#27;[36mI go to Account opening page&amp#27;[0m                                   &amp#27;[90m# com.eBanking.stepDefinitions.UserDashboardPageSteps.iGoToAccountOpeningPage()&amp#27;[0m
  &amp#27;[36mAnd &amp#27;[0m&amp#27;[36mI fill the account details with below deatils:&amp#27;[0m                  &amp#27;[90m# com.eBanking.stepDefinitions.UserAccountDetailsSteps.iFillTheAccountDetailsWithBelowDetails(io.cucumber.datatable.DataTable)&amp#27;[0m
    | Address proof ID Number | ${aadharCard} |
    | PAN Card Number         | ${panNumber}  |
    | Address                 | Test Address  |
    | Date of Birth           | 08011987      |
  &amp#27;[36mThen &amp#27;[0m&amp#27;[36mI should see success message as &amp#27;[0m&amp#27;[36m&amp#27;[1mDetails succesfully submitted.&amp#27;[0m &amp#27;[90m# com.eBanking.stepDefinitions.UserAccountDetailsSteps.iShouldSeeSuccessMessageAs(java.lang.String)&amp#27;[0m
]]></system-out>
    <system-err><![CDATA[Aug 09, 2025 8:50:07 PM org.openqa.selenium.devtools.CdpVersionFinder findNearestMatch
WARNING: Unable to find CDP implementation matching 138
Aug 09, 2025 8:50:07 PM org.openqa.selenium.chromium.ChromiumDriver lambda$new$5
WARNING: Unable to find version of CDP to use for 138.0.7204.184. You may need to include a dependency on a specific version of the CDP using something similar to `org.seleniumhq.selenium:selenium-devtools-v86:4.21.0` where the version ("v86") matches the version of the chromium-based browser you're using and the version number of the artifact is the same as Selenium's.
]]></system-err>
  </testcase>
</testsuite>